<?xml version="1.0" encoding="UTF-8"?>
<testng-results ignored="0" total="2" passed="2" failed="0" skipped="0">
  <reporter-output>
  </reporter-output>
  <suite started-at="2021-07-12T10:36:38 IST" name="Default suite" finished-at="2021-07-12T10:36:51 IST" duration-ms="13165">
    <groups>
    </groups>
    <test started-at="2021-07-12T10:36:38 IST" name="Default test" finished-at="2021-07-12T10:36:51 IST" duration-ms="13165">
      <class name="tests.visitorsList">
        <test-method is-config="true" signature="openBrowser()[pri:0, instance:tests.visitorsList@29626d54]" started-at="2021-07-12T10:36:38 IST" name="openBrowser" finished-at="2021-07-12T10:36:47 IST" duration-ms="9169" status="PASS">
          <reporter-output>
          </reporter-output>
        </test-method> <!-- openBrowser -->
        <test-method signature="loginToApplication()[pri:0, instance:tests.visitorsList@29626d54]" started-at="2021-07-12T10:36:47 IST" name="loginToApplication" finished-at="2021-07-12T10:36:49 IST" duration-ms="2288" status="PASS">
          <reporter-output>
          </reporter-output>
        </test-method> <!-- loginToApplication -->
        <test-method signature="visitorSearch()[pri:0, instance:tests.visitorsList@29626d54]" started-at="2021-07-12T10:36:49 IST" name="visitorSearch" finished-at="2021-07-12T10:36:51 IST" duration-ms="1641" status="PASS">
          <reporter-output>
          </reporter-output>
        </test-method> <!-- visitorSearch -->
      </class> <!-- tests.visitorsList -->
    </test> <!-- Default test -->
  </suite> <!-- Default suite -->
</testng-results>
